2022-03-05 16:04:01,939 - root - INFO - product - (1054, "Unknown column 'capaciry' in 'field list'")
2022-03-05 16:05:07,765 - root - INFO - product - (1054, "Unknown column '가격미정' in 'field list'")
2022-03-05 16:08:02,477 - root - INFO - product - (1054, "Unknown column '가격미정' in 'field list'")
2022-03-05 16:09:12,014 - root - INFO - product - (1054, "Unknown column '가격미정' in 'field list'")
2022-03-05 16:16:09,645 - root - INFO - migration product
2022-03-05 16:16:30,042 - root - INFO - migration ingredient
2022-03-05 16:17:21,887 - root - INFO - migration descrip
2022-03-05 16:22:51,474 - root - INFO - migration product_ingredient_relation
2022-03-05 16:25:29,031 - root - INFO - product - (1054, "Unknown column '가격미정' in 'field list'")
2022-03-05 16:27:58,447 - root - INFO - product - (1054, "Unknown column '가격미정' in 'field list'")
2022-03-05 16:29:20,332 - root - INFO - product - (1054, "Unknown column '가격미정' in 'field list'")
2022-03-05 16:30:05,677 - root - INFO - product - (1054, "Unknown column '가격미정' in 'field list'")
2022-03-05 16:30:17,025 - root - INFO - product - (1054, "Unknown column '가격미정' in 'field list'")
2022-03-05 16:30:31,616 - root - INFO - product - (1054, "Unknown column '가격미정' in 'field list'")
2022-03-05 16:30:36,786 - root - INFO - product - (1054, "Unknown column '가격미정' in 'field list'")
2022-03-05 16:30:42,010 - root - INFO - product - (1054, "Unknown column '가격미정' in 'field list'")
2022-03-05 16:30:55,287 - root - INFO - product - (1054, "Unknown column '가격미정' in 'field list'")
2022-03-05 16:31:01,202 - root - INFO - product - (1054, "Unknown column '가격미정' in 'field list'")
2022-03-05 16:31:06,084 - root - INFO - product - (1054, "Unknown column '가격미정' in 'field list'")
2022-03-05 16:31:17,791 - root - INFO - product - (1054, "Unknown column '가격미정' in 'field list'")
2022-03-05 16:32:16,202 - root - INFO - product - (1054, "Unknown column '가격미정' in 'field list'")
2022-03-05 16:34:16,701 - root - INFO - migration product
2022-03-05 16:37:29,945 - root - INFO - migration product
2022-03-05 16:37:48,365 - root - INFO - migration ingredient
2022-03-05 16:38:41,408 - root - INFO - product - (1054, "Unknown column '2g' in 'field list'")
2022-03-05 16:39:16,442 - root - INFO - product - (1054, "Unknown column '2g' in 'field list'")
2022-03-05 16:40:28,600 - root - INFO - product - [OperationalError(1054, "Unknown column '2g' in 'field list'"), ['2.5g', '2g ', ' 68,000원']]
2022-03-05 17:19:40,262 - root - INFO - migration product
2022-03-06 02:38:25,898 - root - INFO - product - (1146, "Table 'onetop.product' doesn't exist")
2022-03-06 02:40:36,129 - root - INFO - product - (1146, "Table 'onetop.product' doesn't exist")
2022-03-06 02:42:18,641 - root - INFO - product - (1146, "Table 'onetop.product' doesn't exist")
2022-03-06 02:43:40,444 - root - INFO - product - (1146, "Table 'onetop.product' doesn't exist")
2022-03-06 02:47:11,423 - root - INFO - product - (1146, "Table 'onetop.product' doesn't exist")
2022-03-06 02:58:37,985 - root - INFO - migration product
2022-03-06 02:58:56,414 - root - INFO - migration ingredient
2022-03-06 02:59:46,426 - root - INFO - migration descrip
2022-03-06 03:04:51,611 - root - INFO - migration product
2022-03-06 03:09:30,382 - root - INFO - migration product
